Fri Oct 29 21:30:54 CEST 2010 SEVERE 3noyaux intéressants dans la catégorie :Toutsous-catTout
Fri Oct 29 21:30:54 CEST 2010 SEVERE 4noyaux intéressants dans la catégorie :Technologiesous-catTout
Fri Oct 29 21:30:54 CEST 2010 SEVERE 3noyaux intéressants dans la catégorie :Technologiesous-catPC
Fri Oct 29 21:30:54 CEST 2010 SEVERE 1noyaux intéressants dans la catégorie :Technologiesous-catLinux
Fri Oct 29 21:30:54 CEST 2010 SEVERE 1noyaux intéressants dans la catégorie :Sciencessous-catTout
Fri Oct 29 21:30:54 CEST 2010 SEVERE 1noyaux intéressants dans la catégorie :Sciencessous-catEspace
Fri Oct 29 21:30:54 CEST 2010 SEVERE 1noyaux intéressants dans la catégorie :Sportsous-catTout
Fri Oct 29 21:30:54 CEST 2010 SEVERE 1noyaux intéressants dans la catégorie :Sportsous-catFootball
Fri Oct 29 21:30:54 CEST 2010 SEVERE 3noyaux intéressants dans la catégorie :Opinionsous-catTout
Fri Oct 29 21:34:50 CEST 2010 INFO 3 noyaux intéressants dans la catégorie : Tout sous-cat Tout
Fri Oct 29 21:34:50 CEST 2010 INFO 4 noyaux intéressants dans la catégorie : Technologie sous-cat Tout
Fri Oct 29 21:34:50 CEST 2010 INFO 3 noyaux intéressants dans la catégorie : Technologie sous-cat PC
Fri Oct 29 21:34:50 CEST 2010 INFO 1 noyaux intéressants dans la catégorie : Technologie sous-cat Linux
Fri Oct 29 21:34:50 CEST 2010 INFO 1 noyaux intéressants dans la catégorie : Sciences sous-cat Tout
Fri Oct 29 21:34:50 CEST 2010 INFO 1 noyaux intéressants dans la catégorie : Sciences sous-cat Espace
Fri Oct 29 21:34:50 CEST 2010 INFO 1 noyaux intéressants dans la catégorie : Sport sous-cat Tout
Fri Oct 29 21:34:50 CEST 2010 INFO 1 noyaux intéressants dans la catégorie : Sport sous-cat Football
Fri Oct 29 21:34:50 CEST 2010 INFO 3 noyaux intéressants dans la catégorie : Opinion sous-cat Tout
Mon Nov 01 17:08:55 CET 2010 INFO 4 noyaux intéressants dans la catégorie : Tout sous-cat Tout
Mon Nov 01 17:08:55 CET 2010 INFO 4 noyaux intéressants dans la catégorie : Technologie sous-cat Tout
Mon Nov 01 17:08:55 CET 2010 INFO 3 noyaux intéressants dans la catégorie : Technologie sous-cat PC
Mon Nov 01 17:08:55 CET 2010 INFO 1 noyaux intéressants dans la catégorie : Technologie sous-cat Linux
Mon Nov 01 17:08:55 CET 2010 INFO 1 noyaux intéressants dans la catégorie : Actualités sous-cat Tout
Mon Nov 01 17:08:55 CET 2010 INFO 1 noyaux intéressants dans la catégorie : Actualités sous-cat Politique
Mon Nov 01 17:08:55 CET 2010 INFO 1 noyaux intéressants dans la catégorie : Sciences sous-cat Tout
Mon Nov 01 17:08:55 CET 2010 INFO 1 noyaux intéressants dans la catégorie : Sciences sous-cat Espace
Mon Nov 01 17:08:55 CET 2010 INFO 1 noyaux intéressants dans la catégorie : Sport sous-cat Tout
Mon Nov 01 17:08:55 CET 2010 INFO 1 noyaux intéressants dans la catégorie : Sport sous-cat Football
Mon Nov 01 17:08:55 CET 2010 INFO 3 noyaux intéressants dans la catégorie : Opinion sous-cat Tout
Thu Nov 04 17:18:30 CET 2010 INFO 4 noyaux intéressants dans la catégorie : Tout sous-cat Tout
Thu Nov 04 17:18:31 CET 2010 INFO 1 noyaux intéressants dans la catégorie : Technologie sous-cat Tout
Thu Nov 04 17:18:31 CET 2010 INFO 1 noyaux intéressants dans la catégorie : Technologie sous-cat PC
Thu Nov 04 17:18:31 CET 2010 INFO 0 noyaux intéressants dans la catégorie : Technologie sous-cat Mac
Thu Nov 04 17:18:31 CET 2010 INFO 0 noyaux intéressants dans la catégorie : Technologie sous-cat Jeux-vidéos
Thu Nov 04 17:18:31 CET 2010 INFO 0 noyaux intéressants dans la catégorie : Technologie sous-cat Mobile
Thu Nov 04 17:18:31 CET 2010 INFO 1 noyaux intéressants dans la catégorie : Technologie sous-cat Linux
Thu Nov 04 17:18:31 CET 2010 INFO 0 noyaux intéressants dans la catégorie : Technologie sous-cat Autres
Thu Nov 04 17:18:31 CET 2010 INFO 1 noyaux intéressants dans la catégorie : Actualités sous-cat Tout
Thu Nov 04 17:18:31 CET 2010 INFO 1 noyaux intéressants dans la catégorie : Actualités sous-cat Politique
Thu Nov 04 17:18:31 CET 2010 INFO 0 noyaux intéressants dans la catégorie : Actualités sous-cat Argent
Thu Nov 04 17:18:31 CET 2010 INFO 0 noyaux intéressants dans la catégorie : Actualités sous-cat International
Thu Nov 04 17:18:31 CET 2010 INFO 0 noyaux intéressants dans la catégorie : Actualités sous-cat Culture
Thu Nov 04 17:18:31 CET 2010 INFO 0 noyaux intéressants dans la catégorie : Actualités sous-cat Autres
Thu Nov 04 17:18:31 CET 2010 INFO 1 noyaux intéressants dans la catégorie : Sciences sous-cat Tout
Thu Nov 04 17:18:31 CET 2010 INFO 1 noyaux intéressants dans la catégorie : Sciences sous-cat Espace
Thu Nov 04 17:18:31 CET 2010 INFO 0 noyaux intéressants dans la catégorie : Sciences sous-cat Physique
Thu Nov 04 17:18:31 CET 2010 INFO 0 noyaux intéressants dans la catégorie : Sciences sous-cat Medecine
Thu Nov 04 17:18:31 CET 2010 INFO 0 noyaux intéressants dans la catégorie : Sciences sous-cat Biologie
Thu Nov 04 17:18:31 CET 2010 INFO 0 noyaux intéressants dans la catégorie : Sciences sous-cat Autres
Thu Nov 04 17:18:31 CET 2010 INFO 1 noyaux intéressants dans la catégorie : Sport sous-cat Tout
Thu Nov 04 17:18:31 CET 2010 INFO 1 noyaux intéressants dans la catégorie : Sport sous-cat Football
Thu Nov 04 17:18:31 CET 2010 INFO 0 noyaux intéressants dans la catégorie : Sport sous-cat Rugby
Thu Nov 04 17:18:31 CET 2010 INFO 0 noyaux intéressants dans la catégorie : Sport sous-cat Basket
Thu Nov 04 17:18:31 CET 2010 INFO 0 noyaux intéressants dans la catégorie : Sport sous-cat Tennis
Thu Nov 04 17:18:31 CET 2010 INFO 0 noyaux intéressants dans la catégorie : Sport sous-cat Automobile
Thu Nov 04 17:18:31 CET 2010 INFO 0 noyaux intéressants dans la catégorie : Sport sous-cat Autres
Thu Nov 04 17:18:31 CET 2010 INFO 3 noyaux intéressants dans la catégorie : Opinion sous-cat Tout
Thu Nov 04 17:18:31 CET 2010 INFO 0 noyaux intéressants dans la catégorie : Autres sous-cat Tout
Thu Nov 04 17:18:31 CET 2010 INFO 0 noyaux intéressants dans la catégorie : Autres sous-cat Pas sûr au travail
Thu Nov 04 17:18:31 CET 2010 INFO 0 noyaux intéressants dans la catégorie : Autres sous-cat Humour
Thu Nov 04 17:18:31 CET 2010 INFO 0 noyaux intéressants dans la catégorie : Autres sous-cat Jeux
Thu Nov 04 17:18:31 CET 2010 INFO 0 noyaux intéressants dans la catégorie : Autres sous-cat Inclassable
Thu Nov 04 17:18:31 CET 2010 INFO 0 noyaux intéressants dans la catégorie : Autres sous-cat VoxNucleus
Thu Nov 04 17:48:31 CET 2010 INFO 4 noyaux intéressants dans la catégorie : Tout sous-cat Tout
Thu Nov 04 17:48:31 CET 2010 INFO 1 noyaux intéressants dans la catégorie : Technologie sous-cat Tout
Thu Nov 04 17:48:31 CET 2010 INFO 1 noyaux intéressants dans la catégorie : Technologie sous-cat PC
Thu Nov 04 17:48:31 CET 2010 INFO 0 noyaux intéressants dans la catégorie : Technologie sous-cat Mac
Thu Nov 04 17:48:31 CET 2010 INFO 0 noyaux intéressants dans la catégorie : Technologie sous-cat Jeux-vidéos
Thu Nov 04 17:48:31 CET 2010 INFO 0 noyaux intéressants dans la catégorie : Technologie sous-cat Mobile
Thu Nov 04 17:48:31 CET 2010 INFO 1 noyaux intéressants dans la catégorie : Technologie sous-cat Linux
Thu Nov 04 17:48:31 CET 2010 INFO 0 noyaux intéressants dans la catégorie : Technologie sous-cat Autres
Thu Nov 04 17:48:31 CET 2010 INFO 1 noyaux intéressants dans la catégorie : Actualités sous-cat Tout
Thu Nov 04 17:48:31 CET 2010 INFO 1 noyaux intéressants dans la catégorie : Actualités sous-cat Politique
Thu Nov 04 17:48:31 CET 2010 INFO 0 noyaux intéressants dans la catégorie : Actualités sous-cat Argent
Thu Nov 04 17:48:31 CET 2010 INFO 0 noyaux intéressants dans la catégorie : Actualités sous-cat International
Thu Nov 04 17:48:31 CET 2010 INFO 0 noyaux intéressants dans la catégorie : Actualités sous-cat Culture
Thu Nov 04 17:48:31 CET 2010 INFO 0 noyaux intéressants dans la catégorie : Actualités sous-cat Autres
Thu Nov 04 17:48:31 CET 2010 INFO 1 noyaux intéressants dans la catégorie : Sciences sous-cat Tout
Thu Nov 04 17:48:31 CET 2010 INFO 1 noyaux intéressants dans la catégorie : Sciences sous-cat Espace
Thu Nov 04 17:48:31 CET 2010 INFO 0 noyaux intéressants dans la catégorie : Sciences sous-cat Physique
Thu Nov 04 17:48:31 CET 2010 INFO 0 noyaux intéressants dans la catégorie : Sciences sous-cat Medecine
Thu Nov 04 17:48:31 CET 2010 INFO 0 noyaux intéressants dans la catégorie : Sciences sous-cat Biologie
Thu Nov 04 17:48:31 CET 2010 INFO 0 noyaux intéressants dans la catégorie : Sciences sous-cat Autres
Thu Nov 04 17:48:31 CET 2010 INFO 1 noyaux intéressants dans la catégorie : Sport sous-cat Tout
Thu Nov 04 17:48:31 CET 2010 INFO 1 noyaux intéressants dans la catégorie : Sport sous-cat Football
Thu Nov 04 17:48:31 CET 2010 INFO 0 noyaux intéressants dans la catégorie : Sport sous-cat Rugby
Thu Nov 04 17:48:31 CET 2010 INFO 0 noyaux intéressants dans la catégorie : Sport sous-cat Basket
Thu Nov 04 17:48:31 CET 2010 INFO 0 noyaux intéressants dans la catégorie : Sport sous-cat Tennis
Thu Nov 04 17:48:31 CET 2010 INFO 0 noyaux intéressants dans la catégorie : Sport sous-cat Automobile
Thu Nov 04 17:48:31 CET 2010 INFO 0 noyaux intéressants dans la catégorie : Sport sous-cat Autres
Thu Nov 04 17:48:31 CET 2010 INFO 3 noyaux intéressants dans la catégorie : Opinion sous-cat Tout
Thu Nov 04 17:48:31 CET 2010 INFO 0 noyaux intéressants dans la catégorie : Autres sous-cat Tout
Thu Nov 04 17:48:31 CET 2010 INFO 0 noyaux intéressants dans la catégorie : Autres sous-cat Pas sûr au travail
Thu Nov 04 17:48:31 CET 2010 INFO 0 noyaux intéressants dans la catégorie : Autres sous-cat Humour
Thu Nov 04 17:48:31 CET 2010 INFO 0 noyaux intéressants dans la catégorie : Autres sous-cat Jeux
Thu Nov 04 17:48:31 CET 2010 INFO 0 noyaux intéressants dans la catégorie : Autres sous-cat Inclassable
Thu Nov 04 17:48:31 CET 2010 INFO 0 noyaux intéressants dans la catégorie : Autres sous-cat VoxNucleus
Thu Nov 04 18:18:31 CET 2010 INFO 4 noyaux intéressants dans la catégorie : Tout sous-cat Tout
Thu Nov 04 18:18:31 CET 2010 INFO 1 noyaux intéressants dans la catégorie : Technologie sous-cat Tout
Thu Nov 04 18:18:31 CET 2010 INFO 1 noyaux intéressants dans la catégorie : Technologie sous-cat PC
Thu Nov 04 18:18:31 CET 2010 INFO 0 noyaux intéressants dans la catégorie : Technologie sous-cat Mac
Thu Nov 04 18:18:31 CET 2010 INFO 0 noyaux intéressants dans la catégorie : Technologie sous-cat Jeux-vidéos
Thu Nov 04 18:18:31 CET 2010 INFO 0 noyaux intéressants dans la catégorie : Technologie sous-cat Mobile
Thu Nov 04 18:18:31 CET 2010 INFO 1 noyaux intéressants dans la catégorie : Technologie sous-cat Linux
Thu Nov 04 18:18:31 CET 2010 INFO 0 noyaux intéressants dans la catégorie : Technologie sous-cat Autres
Thu Nov 04 18:18:31 CET 2010 INFO 1 noyaux intéressants dans la catégorie : Actualités sous-cat Tout
Thu Nov 04 18:18:31 CET 2010 INFO 1 noyaux intéressants dans la catégorie : Actualités sous-cat Politique
Thu Nov 04 18:18:31 CET 2010 INFO 0 noyaux intéressants dans la catégorie : Actualités sous-cat Argent
Thu Nov 04 18:18:31 CET 2010 INFO 0 noyaux intéressants dans la catégorie : Actualités sous-cat International
Thu Nov 04 18:18:31 CET 2010 INFO 0 noyaux intéressants dans la catégorie : Actualités sous-cat Culture
Thu Nov 04 18:18:31 CET 2010 INFO 0 noyaux intéressants dans la catégorie : Actualités sous-cat Autres
Thu Nov 04 18:18:31 CET 2010 INFO 1 noyaux intéressants dans la catégorie : Sciences sous-cat Tout
Thu Nov 04 18:18:31 CET 2010 INFO 1 noyaux intéressants dans la catégorie : Sciences sous-cat Espace
Thu Nov 04 18:18:31 CET 2010 INFO 0 noyaux intéressants dans la catégorie : Sciences sous-cat Physique
Thu Nov 04 18:18:31 CET 2010 INFO 0 noyaux intéressants dans la catégorie : Sciences sous-cat Medecine
Thu Nov 04 18:18:31 CET 2010 INFO 0 noyaux intéressants dans la catégorie : Sciences sous-cat Biologie
Thu Nov 04 18:18:31 CET 2010 INFO 0 noyaux intéressants dans la catégorie : Sciences sous-cat Autres
Thu Nov 04 18:18:31 CET 2010 INFO 1 noyaux intéressants dans la catégorie : Sport sous-cat Tout
Thu Nov 04 18:18:31 CET 2010 INFO 1 noyaux intéressants dans la catégorie : Sport sous-cat Football
Thu Nov 04 18:18:31 CET 2010 INFO 0 noyaux intéressants dans la catégorie : Sport sous-cat Rugby
Thu Nov 04 18:18:31 CET 2010 INFO 0 noyaux intéressants dans la catégorie : Sport sous-cat Basket
Thu Nov 04 18:18:31 CET 2010 INFO 0 noyaux intéressants dans la catégorie : Sport sous-cat Tennis
Thu Nov 04 18:18:31 CET 2010 INFO 0 noyaux intéressants dans la catégorie : Sport sous-cat Automobile
Thu Nov 04 18:18:31 CET 2010 INFO 0 noyaux intéressants dans la catégorie : Sport sous-cat Autres
Thu Nov 04 18:18:31 CET 2010 INFO 3 noyaux intéressants dans la catégorie : Opinion sous-cat Tout
Thu Nov 04 18:18:31 CET 2010 INFO 0 noyaux intéressants dans la catégorie : Autres sous-cat Tout
Thu Nov 04 18:18:31 CET 2010 INFO 0 noyaux intéressants dans la catégorie : Autres sous-cat Pas sûr au travail
Thu Nov 04 18:18:31 CET 2010 INFO 0 noyaux intéressants dans la catégorie : Autres sous-cat Humour
Thu Nov 04 18:18:31 CET 2010 INFO 0 noyaux intéressants dans la catégorie : Autres sous-cat Jeux
Thu Nov 04 18:18:31 CET 2010 INFO 0 noyaux intéressants dans la catégorie : Autres sous-cat Inclassable
Thu Nov 04 18:18:31 CET 2010 INFO 0 noyaux intéressants dans la catégorie : Autres sous-cat VoxNucleus
Thu Nov 04 18:48:31 CET 2010 INFO 4 noyaux intéressants dans la catégorie : Tout sous-cat Tout
Thu Nov 04 18:48:31 CET 2010 INFO 1 noyaux intéressants dans la catégorie : Technologie sous-cat Tout
Thu Nov 04 18:48:32 CET 2010 INFO 1 noyaux intéressants dans la catégorie : Technologie sous-cat PC
Thu Nov 04 18:48:32 CET 2010 INFO 0 noyaux intéressants dans la catégorie : Technologie sous-cat Mac
Thu Nov 04 18:48:32 CET 2010 INFO 0 noyaux intéressants dans la catégorie : Technologie sous-cat Jeux-vidéos
Thu Nov 04 18:48:32 CET 2010 INFO 0 noyaux intéressants dans la catégorie : Technologie sous-cat Mobile
Thu Nov 04 18:48:32 CET 2010 INFO 1 noyaux intéressants dans la catégorie : Technologie sous-cat Linux
Thu Nov 04 18:48:32 CET 2010 INFO 0 noyaux intéressants dans la catégorie : Technologie sous-cat Autres
Thu Nov 04 18:48:32 CET 2010 INFO 1 noyaux intéressants dans la catégorie : Actualités sous-cat Tout
Thu Nov 04 18:48:32 CET 2010 INFO 1 noyaux intéressants dans la catégorie : Actualités sous-cat Politique
Thu Nov 04 18:48:32 CET 2010 INFO 0 noyaux intéressants dans la catégorie : Actualités sous-cat Argent
Thu Nov 04 18:48:32 CET 2010 INFO 0 noyaux intéressants dans la catégorie : Actualités sous-cat International
Thu Nov 04 18:48:32 CET 2010 INFO 0 noyaux intéressants dans la catégorie : Actualités sous-cat Culture
Thu Nov 04 18:48:32 CET 2010 INFO 0 noyaux intéressants dans la catégorie : Actualités sous-cat Autres
Thu Nov 04 18:48:32 CET 2010 INFO 1 noyaux intéressants dans la catégorie : Sciences sous-cat Tout
Thu Nov 04 18:48:32 CET 2010 INFO 1 noyaux intéressants dans la catégorie : Sciences sous-cat Espace
Thu Nov 04 18:48:32 CET 2010 INFO 0 noyaux intéressants dans la catégorie : Sciences sous-cat Physique
Thu Nov 04 18:48:32 CET 2010 INFO 0 noyaux intéressants dans la catégorie : Sciences sous-cat Medecine
Thu Nov 04 18:48:32 CET 2010 INFO 0 noyaux intéressants dans la catégorie : Sciences sous-cat Biologie
Thu Nov 04 18:48:32 CET 2010 INFO 0 noyaux intéressants dans la catégorie : Sciences sous-cat Autres
Thu Nov 04 18:48:32 CET 2010 INFO 1 noyaux intéressants dans la catégorie : Sport sous-cat Tout
Thu Nov 04 18:48:32 CET 2010 INFO 1 noyaux intéressants dans la catégorie : Sport sous-cat Football
Thu Nov 04 18:48:32 CET 2010 INFO 0 noyaux intéressants dans la catégorie : Sport sous-cat Rugby
Thu Nov 04 18:48:32 CET 2010 INFO 0 noyaux intéressants dans la catégorie : Sport sous-cat Basket
Thu Nov 04 18:48:32 CET 2010 INFO 0 noyaux intéressants dans la catégorie : Sport sous-cat Tennis
Thu Nov 04 18:48:32 CET 2010 INFO 0 noyaux intéressants dans la catégorie : Sport sous-cat Automobile
Thu Nov 04 18:48:32 CET 2010 INFO 0 noyaux intéressants dans la catégorie : Sport sous-cat Autres
Thu Nov 04 18:48:32 CET 2010 INFO 3 noyaux intéressants dans la catégorie : Opinion sous-cat Tout
Thu Nov 04 18:48:32 CET 2010 INFO 0 noyaux intéressants dans la catégorie : Autres sous-cat Tout
Thu Nov 04 18:48:32 CET 2010 INFO 0 noyaux intéressants dans la catégorie : Autres sous-cat Pas sûr au travail
Thu Nov 04 18:48:32 CET 2010 INFO 0 noyaux intéressants dans la catégorie : Autres sous-cat Humour
Thu Nov 04 18:48:32 CET 2010 INFO 0 noyaux intéressants dans la catégorie : Autres sous-cat Jeux
Thu Nov 04 18:48:32 CET 2010 INFO 0 noyaux intéressants dans la catégorie : Autres sous-cat Inclassable
Thu Nov 04 18:48:32 CET 2010 INFO 0 noyaux intéressants dans la catégorie : Autres sous-cat VoxNucleus
Thu Nov 04 19:18:32 CET 2010 INFO 4 noyaux intéressants dans la catégorie : Tout sous-cat Tout
Thu Nov 04 19:18:32 CET 2010 INFO 1 noyaux intéressants dans la catégorie : Technologie sous-cat Tout
Thu Nov 04 19:18:32 CET 2010 INFO 1 noyaux intéressants dans la catégorie : Technologie sous-cat PC
Thu Nov 04 19:18:32 CET 2010 INFO 0 noyaux intéressants dans la catégorie : Technologie sous-cat Mac
Thu Nov 04 19:18:32 CET 2010 INFO 0 noyaux intéressants dans la catégorie : Technologie sous-cat Jeux-vidéos
Thu Nov 04 19:18:32 CET 2010 INFO 0 noyaux intéressants dans la catégorie : Technologie sous-cat Mobile
Thu Nov 04 19:18:32 CET 2010 INFO 1 noyaux intéressants dans la catégorie : Technologie sous-cat Linux
Thu Nov 04 19:18:32 CET 2010 INFO 0 noyaux intéressants dans la catégorie : Technologie sous-cat Autres
Thu Nov 04 19:18:32 CET 2010 INFO 1 noyaux intéressants dans la catégorie : Actualités sous-cat Tout
Thu Nov 04 19:18:32 CET 2010 INFO 1 noyaux intéressants dans la catégorie : Actualités sous-cat Politique
Thu Nov 04 19:18:32 CET 2010 INFO 0 noyaux intéressants dans la catégorie : Actualités sous-cat Argent
Thu Nov 04 19:18:32 CET 2010 INFO 0 noyaux intéressants dans la catégorie : Actualités sous-cat International
Thu Nov 04 19:18:32 CET 2010 INFO 0 noyaux intéressants dans la catégorie : Actualités sous-cat Culture
Thu Nov 04 19:18:32 CET 2010 INFO 0 noyaux intéressants dans la catégorie : Actualités sous-cat Autres
Thu Nov 04 19:18:32 CET 2010 INFO 1 noyaux intéressants dans la catégorie : Sciences sous-cat Tout
Thu Nov 04 19:18:32 CET 2010 INFO 1 noyaux intéressants dans la catégorie : Sciences sous-cat Espace
Thu Nov 04 19:18:32 CET 2010 INFO 0 noyaux intéressants dans la catégorie : Sciences sous-cat Physique
Thu Nov 04 19:18:32 CET 2010 INFO 0 noyaux intéressants dans la catégorie : Sciences sous-cat Medecine
Thu Nov 04 19:18:32 CET 2010 INFO 0 noyaux intéressants dans la catégorie : Sciences sous-cat Biologie
Thu Nov 04 19:18:32 CET 2010 INFO 0 noyaux intéressants dans la catégorie : Sciences sous-cat Autres
Thu Nov 04 19:18:32 CET 2010 INFO 1 noyaux intéressants dans la catégorie : Sport sous-cat Tout
Thu Nov 04 19:18:32 CET 2010 INFO 1 noyaux intéressants dans la catégorie : Sport sous-cat Football
Thu Nov 04 19:18:32 CET 2010 INFO 0 noyaux intéressants dans la catégorie : Sport sous-cat Rugby
Thu Nov 04 19:18:32 CET 2010 INFO 0 noyaux intéressants dans la catégorie : Sport sous-cat Basket
Thu Nov 04 19:18:32 CET 2010 INFO 0 noyaux intéressants dans la catégorie : Sport sous-cat Tennis
Thu Nov 04 19:18:32 CET 2010 INFO 0 noyaux intéressants dans la catégorie : Sport sous-cat Automobile
Thu Nov 04 19:18:32 CET 2010 INFO 0 noyaux intéressants dans la catégorie : Sport sous-cat Autres
Thu Nov 04 19:18:32 CET 2010 INFO 3 noyaux intéressants dans la catégorie : Opinion sous-cat Tout
Thu Nov 04 19:18:32 CET 2010 INFO 0 noyaux intéressants dans la catégorie : Autres sous-cat Tout
Thu Nov 04 19:18:32 CET 2010 INFO 0 noyaux intéressants dans la catégorie : Autres sous-cat Pas sûr au travail
Thu Nov 04 19:18:32 CET 2010 INFO 0 noyaux intéressants dans la catégorie : Autres sous-cat Humour
Thu Nov 04 19:18:32 CET 2010 INFO 0 noyaux intéressants dans la catégorie : Autres sous-cat Jeux
Thu Nov 04 19:18:32 CET 2010 INFO 0 noyaux intéressants dans la catégorie : Autres sous-cat Inclassable
Thu Nov 04 19:18:32 CET 2010 INFO 0 noyaux intéressants dans la catégorie : Autres sous-cat VoxNucleus
Thu Nov 04 19:48:32 CET 2010 INFO 4 noyaux intéressants dans la catégorie : Tout sous-cat Tout
Thu Nov 04 19:48:32 CET 2010 INFO 1 noyaux intéressants dans la catégorie : Technologie sous-cat Tout
Thu Nov 04 19:48:32 CET 2010 INFO 1 noyaux intéressants dans la catégorie : Technologie sous-cat PC
Thu Nov 04 19:48:32 CET 2010 INFO 0 noyaux intéressants dans la catégorie : Technologie sous-cat Mac
Thu Nov 04 19:48:32 CET 2010 INFO 0 noyaux intéressants dans la catégorie : Technologie sous-cat Jeux-vidéos
Thu Nov 04 19:48:32 CET 2010 INFO 0 noyaux intéressants dans la catégorie : Technologie sous-cat Mobile
Thu Nov 04 19:48:32 CET 2010 INFO 1 noyaux intéressants dans la catégorie : Technologie sous-cat Linux
Thu Nov 04 19:48:32 CET 2010 INFO 0 noyaux intéressants dans la catégorie : Technologie sous-cat Autres
Thu Nov 04 19:48:32 CET 2010 INFO 1 noyaux intéressants dans la catégorie : Actualités sous-cat Tout
Thu Nov 04 19:48:32 CET 2010 INFO 1 noyaux intéressants dans la catégorie : Actualités sous-cat Politique
Thu Nov 04 19:48:32 CET 2010 INFO 0 noyaux intéressants dans la catégorie : Actualités sous-cat Argent
Thu Nov 04 19:48:32 CET 2010 INFO 0 noyaux intéressants dans la catégorie : Actualités sous-cat International
Thu Nov 04 19:48:32 CET 2010 INFO 0 noyaux intéressants dans la catégorie : Actualités sous-cat Culture
Thu Nov 04 19:48:32 CET 2010 INFO 0 noyaux intéressants dans la catégorie : Actualités sous-cat Autres
Thu Nov 04 19:48:32 CET 2010 INFO 1 noyaux intéressants dans la catégorie : Sciences sous-cat Tout
Thu Nov 04 19:48:32 CET 2010 INFO 1 noyaux intéressants dans la catégorie : Sciences sous-cat Espace
Thu Nov 04 19:48:32 CET 2010 INFO 0 noyaux intéressants dans la catégorie : Sciences sous-cat Physique
Thu Nov 04 19:48:32 CET 2010 INFO 0 noyaux intéressants dans la catégorie : Sciences sous-cat Medecine
Thu Nov 04 19:48:32 CET 2010 INFO 0 noyaux intéressants dans la catégorie : Sciences sous-cat Biologie
Thu Nov 04 19:48:32 CET 2010 INFO 0 noyaux intéressants dans la catégorie : Sciences sous-cat Autres
Thu Nov 04 19:48:32 CET 2010 INFO 1 noyaux intéressants dans la catégorie : Sport sous-cat Tout
Thu Nov 04 19:48:32 CET 2010 INFO 1 noyaux intéressants dans la catégorie : Sport sous-cat Football
Thu Nov 04 19:48:32 CET 2010 INFO 0 noyaux intéressants dans la catégorie : Sport sous-cat Rugby
Thu Nov 04 19:48:32 CET 2010 INFO 0 noyaux intéressants dans la catégorie : Sport sous-cat Basket
Thu Nov 04 19:48:32 CET 2010 INFO 0 noyaux intéressants dans la catégorie : Sport sous-cat Tennis
Thu Nov 04 19:48:32 CET 2010 INFO 0 noyaux intéressants dans la catégorie : Sport sous-cat Automobile
Thu Nov 04 19:48:32 CET 2010 INFO 0 noyaux intéressants dans la catégorie : Sport sous-cat Autres
Thu Nov 04 19:48:32 CET 2010 INFO 3 noyaux intéressants dans la catégorie : Opinion sous-cat Tout
Thu Nov 04 19:48:32 CET 2010 INFO 0 noyaux intéressants dans la catégorie : Autres sous-cat Tout
Thu Nov 04 19:48:32 CET 2010 INFO 0 noyaux intéressants dans la catégorie : Autres sous-cat Pas sûr au travail
Thu Nov 04 19:48:32 CET 2010 INFO 0 noyaux intéressants dans la catégorie : Autres sous-cat Humour
Thu Nov 04 19:48:32 CET 2010 INFO 0 noyaux intéressants dans la catégorie : Autres sous-cat Jeux
Thu Nov 04 19:48:32 CET 2010 INFO 0 noyaux intéressants dans la catégorie : Autres sous-cat Inclassable
Thu Nov 04 19:48:32 CET 2010 INFO 0 noyaux intéressants dans la catégorie : Autres sous-cat VoxNucleus
Thu Nov 04 20:18:32 CET 2010 INFO 4 noyaux intéressants dans la catégorie : Tout sous-cat Tout
Thu Nov 04 20:18:32 CET 2010 INFO 1 noyaux intéressants dans la catégorie : Technologie sous-cat Tout
Thu Nov 04 20:18:32 CET 2010 INFO 1 noyaux intéressants dans la catégorie : Technologie sous-cat PC
Thu Nov 04 20:18:32 CET 2010 INFO 0 noyaux intéressants dans la catégorie : Technologie sous-cat Mac
Thu Nov 04 20:18:32 CET 2010 INFO 0 noyaux intéressants dans la catégorie : Technologie sous-cat Jeux-vidéos
Thu Nov 04 20:18:32 CET 2010 INFO 0 noyaux intéressants dans la catégorie : Technologie sous-cat Mobile
Thu Nov 04 20:18:32 CET 2010 INFO 1 noyaux intéressants dans la catégorie : Technologie sous-cat Linux
Thu Nov 04 20:18:32 CET 2010 INFO 0 noyaux intéressants dans la catégorie : Technologie sous-cat Autres
Thu Nov 04 20:18:32 CET 2010 INFO 1 noyaux intéressants dans la catégorie : Actualités sous-cat Tout
Thu Nov 04 20:18:32 CET 2010 INFO 1 noyaux intéressants dans la catégorie : Actualités sous-cat Politique
Thu Nov 04 20:18:32 CET 2010 INFO 0 noyaux intéressants dans la catégorie : Actualités sous-cat Argent
Thu Nov 04 20:18:32 CET 2010 INFO 0 noyaux intéressants dans la catégorie : Actualités sous-cat International
Thu Nov 04 20:18:32 CET 2010 INFO 0 noyaux intéressants dans la catégorie : Actualités sous-cat Culture
Thu Nov 04 20:18:32 CET 2010 INFO 0 noyaux intéressants dans la catégorie : Actualités sous-cat Autres
Thu Nov 04 20:18:32 CET 2010 INFO 1 noyaux intéressants dans la catégorie : Sciences sous-cat Tout
Thu Nov 04 20:18:32 CET 2010 INFO 1 noyaux intéressants dans la catégorie : Sciences sous-cat Espace
Thu Nov 04 20:18:32 CET 2010 INFO 0 noyaux intéressants dans la catégorie : Sciences sous-cat Physique
Thu Nov 04 20:18:32 CET 2010 INFO 0 noyaux intéressants dans la catégorie : Sciences sous-cat Medecine
Thu Nov 04 20:18:32 CET 2010 INFO 0 noyaux intéressants dans la catégorie : Sciences sous-cat Biologie
Thu Nov 04 20:18:32 CET 2010 INFO 0 noyaux intéressants dans la catégorie : Sciences sous-cat Autres
Thu Nov 04 20:18:32 CET 2010 INFO 1 noyaux intéressants dans la catégorie : Sport sous-cat Tout
Thu Nov 04 20:18:32 CET 2010 INFO 1 noyaux intéressants dans la catégorie : Sport sous-cat Football
Thu Nov 04 20:18:32 CET 2010 INFO 0 noyaux intéressants dans la catégorie : Sport sous-cat Rugby
Thu Nov 04 20:18:32 CET 2010 INFO 0 noyaux intéressants dans la catégorie : Sport sous-cat Basket
Thu Nov 04 20:18:32 CET 2010 INFO 0 noyaux intéressants dans la catégorie : Sport sous-cat Tennis
Thu Nov 04 20:18:32 CET 2010 INFO 0 noyaux intéressants dans la catégorie : Sport sous-cat Automobile
Thu Nov 04 20:18:33 CET 2010 INFO 0 noyaux intéressants dans la catégorie : Sport sous-cat Autres
Thu Nov 04 20:18:33 CET 2010 INFO 3 noyaux intéressants dans la catégorie : Opinion sous-cat Tout
Thu Nov 04 20:18:33 CET 2010 INFO 0 noyaux intéressants dans la catégorie : Autres sous-cat Tout
Thu Nov 04 20:18:33 CET 2010 INFO 0 noyaux intéressants dans la catégorie : Autres sous-cat Pas sûr au travail
Thu Nov 04 20:18:33 CET 2010 INFO 0 noyaux intéressants dans la catégorie : Autres sous-cat Humour
Thu Nov 04 20:18:33 CET 2010 INFO 0 noyaux intéressants dans la catégorie : Autres sous-cat Jeux
Thu Nov 04 20:18:33 CET 2010 INFO 0 noyaux intéressants dans la catégorie : Autres sous-cat Inclassable
Thu Nov 04 20:18:33 CET 2010 INFO 0 noyaux intéressants dans la catégorie : Autres sous-cat VoxNucleus
Thu Nov 04 20:48:33 CET 2010 INFO 4 noyaux intéressants dans la catégorie : Tout sous-cat Tout
Thu Nov 04 20:48:33 CET 2010 INFO 1 noyaux intéressants dans la catégorie : Technologie sous-cat Tout
Thu Nov 04 20:48:33 CET 2010 INFO 1 noyaux intéressants dans la catégorie : Technologie sous-cat PC
Thu Nov 04 20:48:33 CET 2010 INFO 0 noyaux intéressants dans la catégorie : Technologie sous-cat Mac
Thu Nov 04 20:48:33 CET 2010 INFO 0 noyaux intéressants dans la catégorie : Technologie sous-cat Jeux-vidéos
Thu Nov 04 20:48:33 CET 2010 INFO 0 noyaux intéressants dans la catégorie : Technologie sous-cat Mobile
Thu Nov 04 20:48:33 CET 2010 INFO 1 noyaux intéressants dans la catégorie : Technologie sous-cat Linux
Thu Nov 04 20:48:33 CET 2010 INFO 0 noyaux intéressants dans la catégorie : Technologie sous-cat Autres
Thu Nov 04 20:48:33 CET 2010 INFO 1 noyaux intéressants dans la catégorie : Actualités sous-cat Tout
Thu Nov 04 20:48:33 CET 2010 INFO 1 noyaux intéressants dans la catégorie : Actualités sous-cat Politique
Thu Nov 04 20:48:33 CET 2010 INFO 0 noyaux intéressants dans la catégorie : Actualités sous-cat Argent
Thu Nov 04 20:48:33 CET 2010 INFO 0 noyaux intéressants dans la catégorie : Actualités sous-cat International
Thu Nov 04 20:48:33 CET 2010 INFO 0 noyaux intéressants dans la catégorie : Actualités sous-cat Culture
Thu Nov 04 20:48:33 CET 2010 INFO 0 noyaux intéressants dans la catégorie : Actualités sous-cat Autres
Thu Nov 04 20:48:33 CET 2010 INFO 1 noyaux intéressants dans la catégorie : Sciences sous-cat Tout
Thu Nov 04 20:48:33 CET 2010 INFO 1 noyaux intéressants dans la catégorie : Sciences sous-cat Espace
Thu Nov 04 20:48:33 CET 2010 INFO 0 noyaux intéressants dans la catégorie : Sciences sous-cat Physique
Thu Nov 04 20:48:33 CET 2010 INFO 0 noyaux intéressants dans la catégorie : Sciences sous-cat Medecine
Thu Nov 04 20:48:33 CET 2010 INFO 0 noyaux intéressants dans la catégorie : Sciences sous-cat Biologie
Thu Nov 04 20:48:33 CET 2010 INFO 0 noyaux intéressants dans la catégorie : Sciences sous-cat Autres
Thu Nov 04 20:48:33 CET 2010 INFO 1 noyaux intéressants dans la catégorie : Sport sous-cat Tout
Thu Nov 04 20:48:33 CET 2010 INFO 1 noyaux intéressants dans la catégorie : Sport sous-cat Football
Thu Nov 04 20:48:33 CET 2010 INFO 0 noyaux intéressants dans la catégorie : Sport sous-cat Rugby
Thu Nov 04 20:48:33 CET 2010 INFO 0 noyaux intéressants dans la catégorie : Sport sous-cat Basket
Thu Nov 04 20:48:33 CET 2010 INFO 0 noyaux intéressants dans la catégorie : Sport sous-cat Tennis
Thu Nov 04 20:48:33 CET 2010 INFO 0 noyaux intéressants dans la catégorie : Sport sous-cat Automobile
Thu Nov 04 20:48:33 CET 2010 INFO 0 noyaux intéressants dans la catégorie : Sport sous-cat Autres
Thu Nov 04 20:48:33 CET 2010 INFO 3 noyaux intéressants dans la catégorie : Opinion sous-cat Tout
Thu Nov 04 20:48:33 CET 2010 INFO 0 noyaux intéressants dans la catégorie : Autres sous-cat Tout
Thu Nov 04 20:48:33 CET 2010 INFO 0 noyaux intéressants dans la catégorie : Autres sous-cat Pas sûr au travail
Thu Nov 04 20:48:33 CET 2010 INFO 0 noyaux intéressants dans la catégorie : Autres sous-cat Humour
Thu Nov 04 20:48:33 CET 2010 INFO 0 noyaux intéressants dans la catégorie : Autres sous-cat Jeux
Thu Nov 04 20:48:33 CET 2010 INFO 0 noyaux intéressants dans la catégorie : Autres sous-cat Inclassable
Thu Nov 04 20:48:33 CET 2010 INFO 0 noyaux intéressants dans la catégorie : Autres sous-cat VoxNucleus
Thu Nov 04 21:18:33 CET 2010 INFO 4 noyaux intéressants dans la catégorie : Tout sous-cat Tout
Thu Nov 04 21:18:33 CET 2010 INFO 1 noyaux intéressants dans la catégorie : Technologie sous-cat Tout
Thu Nov 04 21:18:33 CET 2010 INFO 1 noyaux intéressants dans la catégorie : Technologie sous-cat PC
Thu Nov 04 21:18:33 CET 2010 INFO 0 noyaux intéressants dans la catégorie : Technologie sous-cat Mac
Thu Nov 04 21:18:33 CET 2010 INFO 0 noyaux intéressants dans la catégorie : Technologie sous-cat Jeux-vidéos
Thu Nov 04 21:18:33 CET 2010 INFO 0 noyaux intéressants dans la catégorie : Technologie sous-cat Mobile
Thu Nov 04 21:18:33 CET 2010 INFO 1 noyaux intéressants dans la catégorie : Technologie sous-cat Linux
Thu Nov 04 21:18:33 CET 2010 INFO 0 noyaux intéressants dans la catégorie : Technologie sous-cat Autres
Thu Nov 04 21:18:33 CET 2010 INFO 1 noyaux intéressants dans la catégorie : Actualités sous-cat Tout
Thu Nov 04 21:18:33 CET 2010 INFO 1 noyaux intéressants dans la catégorie : Actualités sous-cat Politique
Thu Nov 04 21:18:33 CET 2010 INFO 0 noyaux intéressants dans la catégorie : Actualités sous-cat Argent
Thu Nov 04 21:18:33 CET 2010 INFO 0 noyaux intéressants dans la catégorie : Actualités sous-cat International
Thu Nov 04 21:18:33 CET 2010 INFO 0 noyaux intéressants dans la catégorie : Actualités sous-cat Culture
Thu Nov 04 21:18:33 CET 2010 INFO 0 noyaux intéressants dans la catégorie : Actualités sous-cat Autres
Thu Nov 04 21:18:33 CET 2010 INFO 1 noyaux intéressants dans la catégorie : Sciences sous-cat Tout
Thu Nov 04 21:18:33 CET 2010 INFO 1 noyaux intéressants dans la catégorie : Sciences sous-cat Espace
Thu Nov 04 21:18:33 CET 2010 INFO 0 noyaux intéressants dans la catégorie : Sciences sous-cat Physique
Thu Nov 04 21:18:33 CET 2010 INFO 0 noyaux intéressants dans la catégorie : Sciences sous-cat Medecine
Thu Nov 04 21:18:33 CET 2010 INFO 0 noyaux intéressants dans la catégorie : Sciences sous-cat Biologie
Thu Nov 04 21:18:33 CET 2010 INFO 0 noyaux intéressants dans la catégorie : Sciences sous-cat Autres
Thu Nov 04 21:18:33 CET 2010 INFO 1 noyaux intéressants dans la catégorie : Sport sous-cat Tout
Thu Nov 04 21:18:33 CET 2010 INFO 1 noyaux intéressants dans la catégorie : Sport sous-cat Football
Thu Nov 04 21:18:33 CET 2010 INFO 0 noyaux intéressants dans la catégorie : Sport sous-cat Rugby
Thu Nov 04 21:18:33 CET 2010 INFO 0 noyaux intéressants dans la catégorie : Sport sous-cat Basket
Thu Nov 04 21:18:33 CET 2010 INFO 0 noyaux intéressants dans la catégorie : Sport sous-cat Tennis
Thu Nov 04 21:18:33 CET 2010 INFO 0 noyaux intéressants dans la catégorie : Sport sous-cat Automobile
Thu Nov 04 21:18:33 CET 2010 INFO 0 noyaux intéressants dans la catégorie : Sport sous-cat Autres
Thu Nov 04 21:18:33 CET 2010 INFO 3 noyaux intéressants dans la catégorie : Opinion sous-cat Tout
Thu Nov 04 21:18:33 CET 2010 INFO 0 noyaux intéressants dans la catégorie : Autres sous-cat Tout
Thu Nov 04 21:18:33 CET 2010 INFO 0 noyaux intéressants dans la catégorie : Autres sous-cat Pas sûr au travail
Thu Nov 04 21:18:33 CET 2010 INFO 0 noyaux intéressants dans la catégorie : Autres sous-cat Humour
Thu Nov 04 21:18:33 CET 2010 INFO 0 noyaux intéressants dans la catégorie : Autres sous-cat Jeux
Thu Nov 04 21:18:33 CET 2010 INFO 0 noyaux intéressants dans la catégorie : Autres sous-cat Inclassable
Thu Nov 04 21:18:33 CET 2010 INFO 0 noyaux intéressants dans la catégorie : Autres sous-cat VoxNucleus
Thu Nov 04 21:48:33 CET 2010 INFO 4 noyaux intéressants dans la catégorie : Tout sous-cat Tout
Thu Nov 04 21:48:33 CET 2010 INFO 1 noyaux intéressants dans la catégorie : Technologie sous-cat Tout
Thu Nov 04 21:48:33 CET 2010 INFO 1 noyaux intéressants dans la catégorie : Technologie sous-cat PC
Thu Nov 04 21:48:33 CET 2010 INFO 0 noyaux intéressants dans la catégorie : Technologie sous-cat Mac
Thu Nov 04 21:48:33 CET 2010 INFO 0 noyaux intéressants dans la catégorie : Technologie sous-cat Jeux-vidéos
Thu Nov 04 21:48:33 CET 2010 INFO 0 noyaux intéressants dans la catégorie : Technologie sous-cat Mobile
Thu Nov 04 21:48:33 CET 2010 INFO 1 noyaux intéressants dans la catégorie : Technologie sous-cat Linux
Thu Nov 04 21:48:33 CET 2010 INFO 0 noyaux intéressants dans la catégorie : Technologie sous-cat Autres
Thu Nov 04 21:48:33 CET 2010 INFO 1 noyaux intéressants dans la catégorie : Actualités sous-cat Tout
Thu Nov 04 21:48:33 CET 2010 INFO 1 noyaux intéressants dans la catégorie : Actualités sous-cat Politique
Thu Nov 04 21:48:33 CET 2010 INFO 0 noyaux intéressants dans la catégorie : Actualités sous-cat Argent
Thu Nov 04 21:48:33 CET 2010 INFO 0 noyaux intéressants dans la catégorie : Actualités sous-cat International
Thu Nov 04 21:48:33 CET 2010 INFO 0 noyaux intéressants dans la catégorie : Actualités sous-cat Culture
Thu Nov 04 21:48:33 CET 2010 INFO 0 noyaux intéressants dans la catégorie : Actualités sous-cat Autres
Thu Nov 04 21:48:33 CET 2010 INFO 1 noyaux intéressants dans la catégorie : Sciences sous-cat Tout
Thu Nov 04 21:48:33 CET 2010 INFO 1 noyaux intéressants dans la catégorie : Sciences sous-cat Espace
Thu Nov 04 21:48:33 CET 2010 INFO 0 noyaux intéressants dans la catégorie : Sciences sous-cat Physique
Thu Nov 04 21:48:33 CET 2010 INFO 0 noyaux intéressants dans la catégorie : Sciences sous-cat Medecine
Thu Nov 04 21:48:33 CET 2010 INFO 0 noyaux intéressants dans la catégorie : Sciences sous-cat Biologie
Thu Nov 04 21:48:33 CET 2010 INFO 0 noyaux intéressants dans la catégorie : Sciences sous-cat Autres
Thu Nov 04 21:48:33 CET 2010 INFO 1 noyaux intéressants dans la catégorie : Sport sous-cat Tout
Thu Nov 04 21:48:33 CET 2010 INFO 1 noyaux intéressants dans la catégorie : Sport sous-cat Football
Thu Nov 04 21:48:33 CET 2010 INFO 0 noyaux intéressants dans la catégorie : Sport sous-cat Rugby
Thu Nov 04 21:48:33 CET 2010 INFO 0 noyaux intéressants dans la catégorie : Sport sous-cat Basket
Thu Nov 04 21:48:33 CET 2010 INFO 0 noyaux intéressants dans la catégorie : Sport sous-cat Tennis
Thu Nov 04 21:48:33 CET 2010 INFO 0 noyaux intéressants dans la catégorie : Sport sous-cat Automobile
Thu Nov 04 21:48:33 CET 2010 INFO 0 noyaux intéressants dans la catégorie : Sport sous-cat Autres
Thu Nov 04 21:48:33 CET 2010 INFO 3 noyaux intéressants dans la catégorie : Opinion sous-cat Tout
Thu Nov 04 21:48:33 CET 2010 INFO 0 noyaux intéressants dans la catégorie : Autres sous-cat Tout
Thu Nov 04 21:48:33 CET 2010 INFO 0 noyaux intéressants dans la catégorie : Autres sous-cat Pas sûr au travail
Thu Nov 04 21:48:33 CET 2010 INFO 0 noyaux intéressants dans la catégorie : Autres sous-cat Humour
Thu Nov 04 21:48:33 CET 2010 INFO 0 noyaux intéressants dans la catégorie : Autres sous-cat Jeux
Thu Nov 04 21:48:33 CET 2010 INFO 0 noyaux intéressants dans la catégorie : Autres sous-cat Inclassable
Thu Nov 04 21:48:33 CET 2010 INFO 0 noyaux intéressants dans la catégorie : Autres sous-cat VoxNucleus
Thu Nov 04 22:18:33 CET 2010 INFO 4 noyaux intéressants dans la catégorie : Tout sous-cat Tout
Thu Nov 04 22:18:33 CET 2010 INFO 1 noyaux intéressants dans la catégorie : Technologie sous-cat Tout
Thu Nov 04 22:18:33 CET 2010 INFO 1 noyaux intéressants dans la catégorie : Technologie sous-cat PC
Thu Nov 04 22:18:33 CET 2010 INFO 0 noyaux intéressants dans la catégorie : Technologie sous-cat Mac
Thu Nov 04 22:18:33 CET 2010 INFO 0 noyaux intéressants dans la catégorie : Technologie sous-cat Jeux-vidéos
Thu Nov 04 22:18:33 CET 2010 INFO 0 noyaux intéressants dans la catégorie : Technologie sous-cat Mobile
Thu Nov 04 22:18:33 CET 2010 INFO 1 noyaux intéressants dans la catégorie : Technologie sous-cat Linux
Thu Nov 04 22:18:33 CET 2010 INFO 0 noyaux intéressants dans la catégorie : Technologie sous-cat Autres
Thu Nov 04 22:18:33 CET 2010 INFO 1 noyaux intéressants dans la catégorie : Actualités sous-cat Tout
Thu Nov 04 22:18:33 CET 2010 INFO 1 noyaux intéressants dans la catégorie : Actualités sous-cat Politique
Thu Nov 04 22:18:33 CET 2010 INFO 0 noyaux intéressants dans la catégorie : Actualités sous-cat Argent
Thu Nov 04 22:18:33 CET 2010 INFO 0 noyaux intéressants dans la catégorie : Actualités sous-cat International
Thu Nov 04 22:18:33 CET 2010 INFO 0 noyaux intéressants dans la catégorie : Actualités sous-cat Culture
Thu Nov 04 22:18:33 CET 2010 INFO 0 noyaux intéressants dans la catégorie : Actualités sous-cat Autres
Thu Nov 04 22:18:33 CET 2010 INFO 1 noyaux intéressants dans la catégorie : Sciences sous-cat Tout
Thu Nov 04 22:18:33 CET 2010 INFO 1 noyaux intéressants dans la catégorie : Sciences sous-cat Espace
Thu Nov 04 22:18:33 CET 2010 INFO 0 noyaux intéressants dans la catégorie : Sciences sous-cat Physique
Thu Nov 04 22:18:33 CET 2010 INFO 0 noyaux intéressants dans la catégorie : Sciences sous-cat Medecine
Thu Nov 04 22:18:33 CET 2010 INFO 0 noyaux intéressants dans la catégorie : Sciences sous-cat Biologie
Thu Nov 04 22:18:33 CET 2010 INFO 0 noyaux intéressants dans la catégorie : Sciences sous-cat Autres
Thu Nov 04 22:18:33 CET 2010 INFO 1 noyaux intéressants dans la catégorie : Sport sous-cat Tout
Thu Nov 04 22:18:34 CET 2010 INFO 1 noyaux intéressants dans la catégorie : Sport sous-cat Football
Thu Nov 04 22:18:34 CET 2010 INFO 0 noyaux intéressants dans la catégorie : Sport sous-cat Rugby
Thu Nov 04 22:18:34 CET 2010 INFO 0 noyaux intéressants dans la catégorie : Sport sous-cat Basket
Thu Nov 04 22:18:34 CET 2010 INFO 0 noyaux intéressants dans la catégorie : Sport sous-cat Tennis
Thu Nov 04 22:18:34 CET 2010 INFO 0 noyaux intéressants dans la catégorie : Sport sous-cat Automobile
Thu Nov 04 22:18:34 CET 2010 INFO 0 noyaux intéressants dans la catégorie : Sport sous-cat Autres
Thu Nov 04 22:18:34 CET 2010 INFO 3 noyaux intéressants dans la catégorie : Opinion sous-cat Tout
Thu Nov 04 22:18:34 CET 2010 INFO 0 noyaux intéressants dans la catégorie : Autres sous-cat Tout
Thu Nov 04 22:18:34 CET 2010 INFO 0 noyaux intéressants dans la catégorie : Autres sous-cat Pas sûr au travail
Thu Nov 04 22:18:34 CET 2010 INFO 0 noyaux intéressants dans la catégorie : Autres sous-cat Humour
Thu Nov 04 22:18:34 CET 2010 INFO 0 noyaux intéressants dans la catégorie : Autres sous-cat Jeux
Thu Nov 04 22:18:34 CET 2010 INFO 0 noyaux intéressants dans la catégorie : Autres sous-cat Inclassable
Thu Nov 04 22:18:34 CET 2010 INFO 0 noyaux intéressants dans la catégorie : Autres sous-cat VoxNucleus
Thu Nov 04 22:48:34 CET 2010 INFO 4 noyaux intéressants dans la catégorie : Tout sous-cat Tout
Thu Nov 04 22:48:34 CET 2010 INFO 1 noyaux intéressants dans la catégorie : Technologie sous-cat Tout
Thu Nov 04 22:48:34 CET 2010 INFO 1 noyaux intéressants dans la catégorie : Technologie sous-cat PC
Thu Nov 04 22:48:34 CET 2010 INFO 0 noyaux intéressants dans la catégorie : Technologie sous-cat Mac
Thu Nov 04 22:48:34 CET 2010 INFO 0 noyaux intéressants dans la catégorie : Technologie sous-cat Jeux-vidéos
Thu Nov 04 22:48:34 CET 2010 INFO 0 noyaux intéressants dans la catégorie : Technologie sous-cat Mobile
Thu Nov 04 22:48:34 CET 2010 INFO 1 noyaux intéressants dans la catégorie : Technologie sous-cat Linux
Thu Nov 04 22:48:34 CET 2010 INFO 0 noyaux intéressants dans la catégorie : Technologie sous-cat Autres
Thu Nov 04 22:48:34 CET 2010 INFO 1 noyaux intéressants dans la catégorie : Actualités sous-cat Tout
Thu Nov 04 22:48:34 CET 2010 INFO 1 noyaux intéressants dans la catégorie : Actualités sous-cat Politique
Thu Nov 04 22:48:34 CET 2010 INFO 0 noyaux intéressants dans la catégorie : Actualités sous-cat Argent
Thu Nov 04 22:48:34 CET 2010 INFO 0 noyaux intéressants dans la catégorie : Actualités sous-cat International
Thu Nov 04 22:48:34 CET 2010 INFO 0 noyaux intéressants dans la catégorie : Actualités sous-cat Culture
Thu Nov 04 22:48:34 CET 2010 INFO 0 noyaux intéressants dans la catégorie : Actualités sous-cat Autres
Thu Nov 04 22:48:34 CET 2010 INFO 1 noyaux intéressants dans la catégorie : Sciences sous-cat Tout
Thu Nov 04 22:48:34 CET 2010 INFO 1 noyaux intéressants dans la catégorie : Sciences sous-cat Espace
Thu Nov 04 22:48:34 CET 2010 INFO 0 noyaux intéressants dans la catégorie : Sciences sous-cat Physique
Thu Nov 04 22:48:34 CET 2010 INFO 0 noyaux intéressants dans la catégorie : Sciences sous-cat Medecine
Thu Nov 04 22:48:34 CET 2010 INFO 0 noyaux intéressants dans la catégorie : Sciences sous-cat Biologie
Thu Nov 04 22:48:34 CET 2010 INFO 0 noyaux intéressants dans la catégorie : Sciences sous-cat Autres
Thu Nov 04 22:48:34 CET 2010 INFO 1 noyaux intéressants dans la catégorie : Sport sous-cat Tout
Thu Nov 04 22:48:34 CET 2010 INFO 1 noyaux intéressants dans la catégorie : Sport sous-cat Football
Thu Nov 04 22:48:34 CET 2010 INFO 0 noyaux intéressants dans la catégorie : Sport sous-cat Rugby
Thu Nov 04 22:48:34 CET 2010 INFO 0 noyaux intéressants dans la catégorie : Sport sous-cat Basket
Thu Nov 04 22:48:34 CET 2010 INFO 0 noyaux intéressants dans la catégorie : Sport sous-cat Tennis
Thu Nov 04 22:48:34 CET 2010 INFO 0 noyaux intéressants dans la catégorie : Sport sous-cat Automobile
Thu Nov 04 22:48:34 CET 2010 INFO 0 noyaux intéressants dans la catégorie : Sport sous-cat Autres
Thu Nov 04 22:48:34 CET 2010 INFO 3 noyaux intéressants dans la catégorie : Opinion sous-cat Tout
Thu Nov 04 22:48:34 CET 2010 INFO 0 noyaux intéressants dans la catégorie : Autres sous-cat Tout
Thu Nov 04 22:48:34 CET 2010 INFO 0 noyaux intéressants dans la catégorie : Autres sous-cat Pas sûr au travail
Thu Nov 04 22:48:34 CET 2010 INFO 0 noyaux intéressants dans la catégorie : Autres sous-cat Humour
Thu Nov 04 22:48:34 CET 2010 INFO 0 noyaux intéressants dans la catégorie : Autres sous-cat Jeux
Thu Nov 04 22:48:34 CET 2010 INFO 0 noyaux intéressants dans la catégorie : Autres sous-cat Inclassable
Thu Nov 04 22:48:34 CET 2010 INFO 0 noyaux intéressants dans la catégorie : Autres sous-cat VoxNucleus
