Fri Oct 29 18:53:49 CEST 2010 SEVERE 1 noyaux ont été indexés
Fri Oct 29 18:53:49 CEST 2010 SEVERE 0 comptes ont été indexés
Fri Oct 29 18:53:49 CEST 2010 SEVERE 0 commentaires ont été indexés
Fri Oct 29 18:53:49 CEST 2010 SEVERE 0 éléments ont été supprimés
Fri Oct 29 18:53:49 CEST 2010 SEVERE 0 éléments ont été supprimés
Fri Oct 29 18:53:49 CEST 2010 SEVERE 0 éléments ont été supprimés
Mon Nov 01 20:44:01 CET 2010 INFO 5 noyaux ont été indexés
Mon Nov 01 20:44:11 CET 2010 INFO 0 comptes ont été indexés
Mon Nov 01 20:44:15 CET 2010 INFO 5 commentaires ont été indexés
Mon Nov 01 20:44:15 CET 2010 INFO 0 éléments ont été supprimés
Mon Nov 01 20:44:15 CET 2010 INFO 0 éléments ont été supprimés
Mon Nov 01 20:44:15 CET 2010 INFO 0 éléments ont été supprimés
Mon Nov 08 18:19:10 CET 2010 INFO 0 noyaux ont été indexés
Mon Nov 08 18:19:10 CET 2010 INFO 0 comptes ont été indexés
Mon Nov 08 18:19:10 CET 2010 INFO 0 commentaires ont été indexés
Mon Nov 08 18:19:10 CET 2010 INFO 0 éléments ont été supprimés
Mon Nov 08 18:19:10 CET 2010 INFO 0 éléments ont été supprimés
Mon Nov 08 18:19:10 CET 2010 INFO 0 éléments ont été supprimés
Mon Nov 08 18:20:09 CET 2010 INFO 7 noyaux ont été indexés
Mon Nov 08 18:20:10 CET 2010 INFO 3 comptes ont été indexés
Mon Nov 08 18:20:10 CET 2010 INFO 0 commentaires ont été indexés
Mon Nov 08 18:20:10 CET 2010 INFO 0 éléments ont été supprimés
Mon Nov 08 18:20:10 CET 2010 INFO 0 éléments ont été supprimés
Mon Nov 08 18:20:10 CET 2010 INFO 0 éléments ont été supprimés
Mon Nov 08 18:35:33 CET 2010 INFO 1 noyaux ont été indexés
Mon Nov 08 18:35:33 CET 2010 INFO 0 comptes ont été indexés
Mon Nov 08 18:35:33 CET 2010 INFO 0 commentaires ont été indexés
Mon Nov 08 18:35:33 CET 2010 INFO 0 éléments ont été supprimés
Mon Nov 08 18:35:33 CET 2010 INFO 0 éléments ont été supprimés
Mon Nov 08 18:35:33 CET 2010 INFO 0 éléments ont été supprimés
Mon Nov 08 18:55:45 CET 2010 INFO 1 noyaux ont été indexés
Mon Nov 08 18:55:45 CET 2010 INFO 0 comptes ont été indexés
Mon Nov 08 18:55:45 CET 2010 INFO 0 commentaires ont été indexés
Mon Nov 08 18:55:45 CET 2010 INFO 0 éléments ont été supprimés
Mon Nov 08 18:55:45 CET 2010 INFO 0 éléments ont été supprimés
Mon Nov 08 18:55:45 CET 2010 INFO 0 éléments ont été supprimés
Sun Dec 19 21:39:31 CET 2010 INFO 32 noyaux ont été indexés
Sun Dec 19 21:39:38 CET 2010 INFO 14 comptes ont été indexés
Sun Dec 19 21:39:39 CET 2010 INFO 2 commentaires ont été indexés
Sun Dec 19 21:39:39 CET 2010 INFO 0 éléments ont été supprimés
Sun Dec 19 21:39:39 CET 2010 INFO 0 éléments ont été supprimés
Sun Dec 19 21:39:39 CET 2010 INFO 0 éléments ont été supprimés
Wed Dec 22 22:46:00 CET 2010 INFO 0 noyaux ont été indexés
Wed Dec 22 22:46:00 CET 2010 INFO 0 comptes ont été indexés
Wed Dec 22 22:46:00 CET 2010 INFO 0 commentaires ont été indexés
Wed Dec 22 22:46:00 CET 2010 INFO 0 éléments ont été supprimés
Wed Dec 22 22:46:00 CET 2010 INFO 0 éléments ont été supprimés
Wed Dec 22 22:46:00 CET 2010 INFO 0 éléments ont été supprimés
Wed Dec 22 22:46:29 CET 2010 INFO 3 noyaux ont été indexés
Wed Dec 22 22:46:30 CET 2010 INFO 1 comptes ont été indexés
Wed Dec 22 22:46:31 CET 2010 INFO 2 commentaires ont été indexés
Wed Dec 22 22:46:31 CET 2010 INFO 0 éléments ont été supprimés
Wed Dec 22 22:46:31 CET 2010 INFO 0 éléments ont été supprimés
Wed Dec 22 22:46:31 CET 2010 INFO 0 éléments ont été supprimés
Wed Feb 02 00:55:35 CET 2011 INFO 2 noyaux ont été indexés
Wed Feb 02 00:55:36 CET 2011 INFO 1 comptes ont été indexés
Wed Feb 02 00:55:41 CET 2011 INFO 10 commentaires ont été indexés
Wed Feb 02 00:55:41 CET 2011 INFO 0 éléments ont été supprimés
Wed Feb 02 00:55:41 CET 2011 INFO 0 éléments ont été supprimés
Wed Feb 02 00:55:41 CET 2011 INFO 0 éléments ont été supprimés
Wed Feb 02 01:22:39 CET 2011 INFO 1 noyaux ont été indexés
Wed Feb 02 01:22:39 CET 2011 INFO 0 comptes ont été indexés
Wed Feb 02 01:22:39 CET 2011 INFO 0 commentaires ont été indexés
Wed Feb 02 01:22:39 CET 2011 INFO 0 éléments ont été supprimés
Wed Feb 02 01:22:39 CET 2011 INFO 0 éléments ont été supprimés
Wed Feb 02 01:22:39 CET 2011 INFO 0 éléments ont été supprimés
