Fri Oct 29 17:28:23 CEST 2010 SEVERE During the cycle, Thread Last10KSweeperhas deleted 0 posts into Database last posts
Fri Oct 29 17:28:47 CEST 2010 SEVERE During the cycle, Thread Last10KSweeperhas deleted 0 posts into Database last posts
Mon Nov 01 10:47:15 CET 2010 INFO During the cycle, Thread Last10KSweeperhas deleted 0 posts into Database last posts
Mon Nov 01 10:47:16 CET 2010 INFO During the cycle, Thread Sweeper1Week has moved 6 posts intoBest1Month
Mon Nov 01 10:47:16 CET 2010 INFO During the cycle, Thread Sweeper24H has moved 11 posts intoBest1Week
Mon Nov 01 10:47:16 CET 2010 INFO During the cycle, Thread Sweeper1Month has moved 0 posts intoBest1Year
Tue Nov 02 09:39:07 CET 2010 INFO During the cycle, Thread Last10KSweeperhas deleted 0 posts into Database last posts
Tue Nov 02 09:39:18 CET 2010 INFO During the cycle, Thread Sweeper1Week has moved 0 posts intoBest1Month
Tue Nov 02 09:39:18 CET 2010 INFO During the cycle, Thread Sweeper24H has moved 0 posts intoBest1Week
Tue Nov 02 09:39:19 CET 2010 INFO During the cycle, Thread Sweeper1Month has moved 0 posts intoBest1Year
Tue Nov 02 09:40:09 CET 2010 INFO During the cycle, Thread Last10KSweeperhas deleted 0 posts into Database last posts
Tue Nov 02 09:40:10 CET 2010 INFO During the cycle, Thread Sweeper1Week has moved 0 posts intoBest1Month
Tue Nov 02 09:40:11 CET 2010 INFO During the cycle, Thread Sweeper24H has moved 2 posts intoBest1Week
Tue Nov 02 09:40:11 CET 2010 INFO During the cycle, Thread Sweeper1Month has moved 0 posts intoBest1Year
Sun Nov 07 21:04:13 CET 2010 INFO During the cycle, Thread Last10KSweeperhas deleted 0 posts into Database last posts
Sun Nov 07 21:04:13 CET 2010 INFO During the cycle, Thread Database Session Sweeperhas deleted 5 sessions into Database Sessions
Sun Nov 07 21:04:13 CET 2010 INFO During the cycle, Thread Sweeper24H has moved 11 posts intoBest1Week
Sun Nov 07 21:04:13 CET 2010 INFO During the cycle, Thread Sweeper1Week has moved 13 posts intoBest1Month
Sun Nov 07 21:04:14 CET 2010 INFO During the cycle, Thread Sweeper1Month has moved 0 posts intoBest1Year
Sun Nov 07 21:04:32 CET 2010 INFO During the cycle, Thread Last10KSweeperhas deleted 0 posts into Database last posts
Sun Nov 07 21:04:32 CET 2010 INFO During the cycle, Thread Database Session Sweeperhas deleted 5 sessions into Database Sessions
Sun Nov 07 21:04:32 CET 2010 INFO During the cycle, Thread Sweeper24H has moved 0 posts intoBest1Week
Sun Nov 07 21:04:32 CET 2010 INFO During the cycle, Thread Sweeper1Week has moved 0 posts intoBest1Month
Sun Nov 07 21:04:33 CET 2010 INFO During the cycle, Thread Sweeper1Month has moved 0 posts intoBest1Year
Mon Nov 08 10:53:26 CET 2010 INFO During the cycle, Thread Last10KSweeperhas deleted 0 posts into Database last posts
Mon Nov 08 10:53:26 CET 2010 INFO During the cycle, Thread Sweeper24H has moved 0 posts intoBest1Week
Mon Nov 08 10:53:26 CET 2010 INFO During the cycle, Thread Database Session Sweeperhas deleted 5 sessions into Database Sessions
Mon Nov 08 10:53:27 CET 2010 INFO During the cycle, Thread Sweeper1Week has moved 2 posts intoBest1Month
Mon Nov 08 10:53:27 CET 2010 INFO During the cycle, Thread Sweeper1Month has moved 0 posts intoBest1Year
Tue Nov 09 02:14:57 CET 2010 INFO During the cycle, Thread Last10KSweeperhas deleted 0 posts into Database last posts
Tue Nov 09 02:14:58 CET 2010 INFO During the cycle, Thread Sweeper24H has moved 4 posts intoBest1Week
Tue Nov 09 02:14:58 CET 2010 INFO During the cycle, Thread Database Session Sweeperhas deleted 7 sessions into Database Sessions
Tue Nov 09 02:14:58 CET 2010 INFO During the cycle, Thread Sweeper1Week has moved 14 posts intoBest1Month
Tue Nov 09 02:14:58 CET 2010 INFO During the cycle, Thread Sweeper1Month has moved 0 posts intoBest1Year
Tue Nov 09 02:15:42 CET 2010 INFO During the cycle, Thread Last10KSweeperhas deleted 0 posts into Database last posts
Tue Nov 09 02:15:42 CET 2010 INFO During the cycle, Thread Sweeper24H has moved 0 posts intoBest1Week
Tue Nov 09 02:15:42 CET 2010 INFO During the cycle, Thread Sweeper1Week has moved 0 posts intoBest1Month
Tue Nov 09 02:15:42 CET 2010 INFO During the cycle, Thread Database Session Sweeperhas deleted 7 sessions into Database Sessions
Tue Nov 09 02:15:43 CET 2010 INFO During the cycle, Thread Sweeper1Month has moved 0 posts intoBest1Year
Tue Nov 09 02:20:09 CET 2010 INFO During the cycle, Thread Last10KSweeperhas deleted 0 posts into Database last posts
Tue Nov 09 02:20:09 CET 2010 INFO During the cycle, Thread Sweeper24H has moved 0 posts intoBest1Week
Tue Nov 09 02:20:09 CET 2010 INFO During the cycle, Thread Database Session Sweeperhas deleted 7 sessions into Database Sessions
Tue Nov 09 02:20:09 CET 2010 INFO During the cycle, Thread Sweeper1Week has moved 0 posts intoBest1Month
Tue Nov 09 02:20:10 CET 2010 INFO During the cycle, Thread Sweeper1Month has moved 0 posts intoBest1Year
Tue Nov 09 02:20:51 CET 2010 INFO During the cycle, Thread Last10KSweeperhas deleted 0 posts into Database last posts
Tue Nov 09 02:20:51 CET 2010 INFO During the cycle, Thread Database Session Sweeperhas deleted 7 sessions into Database Sessions
Tue Nov 09 02:20:51 CET 2010 INFO During the cycle, Thread Sweeper1Week has moved 0 posts intoBest1Month
Tue Nov 09 02:20:51 CET 2010 INFO During the cycle, Thread Sweeper24H has moved 0 posts intoBest1Week
Tue Nov 09 02:20:51 CET 2010 INFO During the cycle, Thread Sweeper1Month has moved 0 posts intoBest1Year
Tue Nov 09 02:21:12 CET 2010 INFO During the cycle, Thread Database Session Sweeperhas deleted 7 sessions into Database Sessions
Tue Nov 09 02:21:12 CET 2010 INFO During the cycle, Thread Last10KSweeperhas deleted 0 posts into Database last posts
Tue Nov 09 02:21:12 CET 2010 INFO During the cycle, Thread Sweeper1Week has moved 0 posts intoBest1Month
Tue Nov 09 02:21:12 CET 2010 INFO During the cycle, Thread Sweeper24H has moved 0 posts intoBest1Week
Tue Nov 09 02:21:13 CET 2010 INFO During the cycle, Thread Sweeper1Month has moved 0 posts intoBest1Year
Wed Nov 10 19:08:55 CET 2010 INFO During the cycle, Thread Last10KSweeperhas deleted 0 posts into Database last posts
Wed Nov 10 19:08:55 CET 2010 INFO During the cycle, Thread Sweeper1Week has moved 4 posts intoBest1Month
Wed Nov 10 19:08:56 CET 2010 INFO During the cycle, Thread Sweeper24H has moved 11 posts intoBest1Week
Wed Nov 10 19:08:56 CET 2010 INFO During the cycle, Thread Sweeper1Month has moved 0 posts intoBest1Year
Wed Nov 10 19:16:54 CET 2010 INFO During the cycle, Thread Database Session Sweeperhas deleted 7 sessions into Database Sessions
Wed Nov 10 19:38:55 CET 2010 INFO During the cycle, Thread Last10KSweeperhas deleted 0 posts into Database last posts
Wed Nov 10 19:45:52 CET 2010 INFO During the cycle, Thread Sweeper24H has moved 0 posts intoBest1Week
Wed Nov 10 19:45:52 CET 2010 INFO During the cycle, Thread Last10KSweeperhas deleted 0 posts into Database last posts
Wed Nov 10 19:45:52 CET 2010 INFO During the cycle, Thread Database Session Sweeperhas deleted 7 sessions into Database Sessions
Wed Nov 10 19:45:52 CET 2010 INFO During the cycle, Thread Sweeper1Week has moved 0 posts intoBest1Month
Wed Nov 10 19:45:53 CET 2010 INFO During the cycle, Thread Sweeper1Month has moved 0 posts intoBest1Year
Wed Nov 10 19:46:33 CET 2010 INFO During the cycle, Thread Sweeper24H has moved 0 posts intoBest1Week
Wed Nov 10 19:46:33 CET 2010 INFO During the cycle, Thread Last10KSweeperhas deleted 0 posts into Database last posts
Wed Nov 10 19:46:33 CET 2010 INFO During the cycle, Thread Sweeper1Week has moved 0 posts intoBest1Month
Wed Nov 10 19:46:33 CET 2010 INFO During the cycle, Thread Database Session Sweeperhas deleted 7 sessions into Database Sessions
Wed Nov 10 19:46:33 CET 2010 INFO During the cycle, Thread Sweeper1Month has moved 0 posts intoBest1Year
Wed Nov 10 19:46:42 CET 2010 INFO During the cycle, Thread Sweeper24H has moved 0 posts intoBest1Week
Wed Nov 10 19:46:42 CET 2010 INFO During the cycle, Thread Last10KSweeperhas deleted 0 posts into Database last posts
Wed Nov 10 19:46:42 CET 2010 INFO During the cycle, Thread Database Session Sweeperhas deleted 7 sessions into Database Sessions
Wed Nov 10 19:46:43 CET 2010 INFO During the cycle, Thread Sweeper1Week has moved 0 posts intoBest1Month
Wed Nov 10 19:46:43 CET 2010 INFO During the cycle, Thread Sweeper1Month has moved 0 posts intoBest1Year
Wed Nov 10 20:16:42 CET 2010 INFO During the cycle, Thread Last10KSweeperhas deleted 0 posts into Database last posts
Wed Nov 10 20:16:43 CET 2010 INFO During the cycle, Thread Database Session Sweeperhas deleted 7 sessions into Database Sessions
Wed Nov 10 20:45:18 CET 2010 INFO During the cycle, Thread Sweeper24H has moved 0 posts intoBest1Week
Wed Nov 10 20:45:18 CET 2010 INFO During the cycle, Thread Last10KSweeperhas deleted 0 posts into Database last posts
Wed Nov 10 20:45:18 CET 2010 INFO During the cycle, Thread Database Session Sweeperhas deleted 7 sessions into Database Sessions
Wed Nov 10 20:45:18 CET 2010 INFO During the cycle, Thread Sweeper1Week has moved 0 posts intoBest1Month
Wed Nov 10 20:45:18 CET 2010 INFO During the cycle, Thread Sweeper1Month has moved 0 posts intoBest1Year
Wed Nov 10 20:45:40 CET 2010 INFO During the cycle, Thread Sweeper24H has moved 0 posts intoBest1Week
Wed Nov 10 20:45:40 CET 2010 INFO During the cycle, Thread Last10KSweeperhas deleted 0 posts into Database last posts
Wed Nov 10 20:45:40 CET 2010 INFO During the cycle, Thread Database Session Sweeperhas deleted 7 sessions into Database Sessions
Wed Nov 10 20:45:40 CET 2010 INFO During the cycle, Thread Sweeper1Week has moved 0 posts intoBest1Month
Wed Nov 10 20:45:41 CET 2010 INFO During the cycle, Thread Sweeper1Month has moved 0 posts intoBest1Year
Wed Nov 10 20:49:54 CET 2010 INFO During the cycle, Thread Last10KSweeperhas deleted 0 posts into Database last posts
Wed Nov 10 20:49:54 CET 2010 INFO During the cycle, Thread Sweeper24H has moved 0 posts intoBest1Week
Wed Nov 10 20:49:54 CET 2010 INFO During the cycle, Thread Sweeper1Week has moved 0 posts intoBest1Month
Wed Nov 10 20:49:54 CET 2010 INFO During the cycle, Thread Database Session Sweeperhas deleted 7 sessions into Database Sessions
Wed Nov 10 20:49:55 CET 2010 INFO During the cycle, Thread Sweeper1Month has moved 0 posts intoBest1Year
Wed Nov 10 21:00:01 CET 2010 INFO During the cycle, Thread Sweeper24H has moved 0 posts intoBest1Week
Wed Nov 10 21:00:01 CET 2010 INFO During the cycle, Thread Last10KSweeperhas deleted 0 posts into Database last posts
Wed Nov 10 21:00:01 CET 2010 INFO During the cycle, Thread Database Session Sweeperhas deleted 7 sessions into Database Sessions
Wed Nov 10 21:00:01 CET 2010 INFO During the cycle, Thread Sweeper1Week has moved 0 posts intoBest1Month
Wed Nov 10 21:00:01 CET 2010 INFO During the cycle, Thread Sweeper1Month has moved 0 posts intoBest1Year
Wed Nov 10 21:00:06 CET 2010 INFO During the cycle, Thread Sweeper24H has moved 0 posts intoBest1Week
Wed Nov 10 21:00:06 CET 2010 INFO During the cycle, Thread Last10KSweeperhas deleted 0 posts into Database last posts
Wed Nov 10 21:00:06 CET 2010 INFO During the cycle, Thread Database Session Sweeperhas deleted 7 sessions into Database Sessions
Wed Nov 10 21:00:06 CET 2010 INFO During the cycle, Thread Sweeper1Week has moved 0 posts intoBest1Month
Wed Nov 10 21:00:06 CET 2010 INFO During the cycle, Thread Sweeper1Month has moved 0 posts intoBest1Year
Wed Nov 10 21:02:54 CET 2010 INFO During the cycle, Thread Sweeper24H has moved 0 posts intoBest1Week
Wed Nov 10 21:02:55 CET 2010 INFO During the cycle, Thread Last10KSweeperhas deleted 0 posts into Database last posts
Wed Nov 10 21:02:55 CET 2010 INFO During the cycle, Thread Database Session Sweeperhas deleted 7 sessions into Database Sessions
Wed Nov 10 21:02:55 CET 2010 INFO During the cycle, Thread Sweeper1Week has moved 0 posts intoBest1Month
Wed Nov 10 21:02:55 CET 2010 INFO During the cycle, Thread Sweeper1Month has moved 0 posts intoBest1Year
Wed Nov 10 21:03:09 CET 2010 INFO During the cycle, Thread Sweeper24H has moved 0 posts intoBest1Week
Wed Nov 10 21:03:09 CET 2010 INFO During the cycle, Thread Last10KSweeperhas deleted 0 posts into Database last posts
Wed Nov 10 21:03:09 CET 2010 INFO During the cycle, Thread Database Session Sweeperhas deleted 7 sessions into Database Sessions
Wed Nov 10 21:03:09 CET 2010 INFO During the cycle, Thread Sweeper1Week has moved 0 posts intoBest1Month
Wed Nov 10 21:03:09 CET 2010 INFO During the cycle, Thread Sweeper1Month has moved 0 posts intoBest1Year
Wed Nov 10 21:03:39 CET 2010 INFO During the cycle, Thread Sweeper24H has moved 0 posts intoBest1Week
Wed Nov 10 21:03:39 CET 2010 INFO During the cycle, Thread Last10KSweeperhas deleted 0 posts into Database last posts
Wed Nov 10 21:03:40 CET 2010 INFO During the cycle, Thread Sweeper1Week has moved 0 posts intoBest1Month
Wed Nov 10 21:03:40 CET 2010 INFO During the cycle, Thread Sweeper1Month has moved 0 posts intoBest1Year
Wed Nov 10 21:04:45 CET 2010 INFO During the cycle, Thread Database Session Sweeperhas deleted 7 sessions into Database Sessions
Wed Nov 10 21:07:21 CET 2010 INFO During the cycle, Thread Last10KSweeperhas deleted 0 posts into Database last posts
Wed Nov 10 21:07:21 CET 2010 INFO During the cycle, Thread Sweeper24H has moved 0 posts intoBest1Week
Wed Nov 10 21:07:21 CET 2010 INFO During the cycle, Thread Database Session Sweeperhas deleted 7 sessions into Database Sessions
Wed Nov 10 21:07:21 CET 2010 INFO During the cycle, Thread Sweeper1Week has moved 0 posts intoBest1Month
Wed Nov 10 21:07:21 CET 2010 INFO During the cycle, Thread Sweeper1Month has moved 0 posts intoBest1Year
Wed Nov 10 21:12:07 CET 2010 INFO During the cycle, Thread Sweeper24H has moved 0 posts intoBest1Week
Wed Nov 10 21:12:07 CET 2010 INFO During the cycle, Thread Last10KSweeperhas deleted 0 posts into Database last posts
Wed Nov 10 21:12:07 CET 2010 INFO During the cycle, Thread Sweeper1Week has moved 0 posts intoBest1Month
Wed Nov 10 21:12:07 CET 2010 INFO During the cycle, Thread Sweeper1Month has moved 0 posts intoBest1Year
Wed Nov 10 21:20:36 CET 2010 INFO During the cycle, Thread Sweeper24H has moved 0 posts intoBest1Week
Wed Nov 10 21:20:36 CET 2010 INFO During the cycle, Thread Last10KSweeperhas deleted 0 posts into Database last posts
Wed Nov 10 21:20:36 CET 2010 INFO During the cycle, Thread Sweeper1Week has moved 0 posts intoBest1Month
Wed Nov 10 21:20:37 CET 2010 INFO During the cycle, Thread Sweeper1Month has moved 0 posts intoBest1Year
Wed Nov 10 21:21:11 CET 2010 INFO During the cycle, Thread Last10KSweeperhas deleted 0 posts into Database last posts
Wed Nov 10 21:21:11 CET 2010 INFO During the cycle, Thread Sweeper24H has moved 0 posts intoBest1Week
Wed Nov 10 21:21:11 CET 2010 INFO During the cycle, Thread Sweeper1Week has moved 0 posts intoBest1Month
Wed Nov 10 21:21:11 CET 2010 INFO During the cycle, Thread Sweeper1Month has moved 0 posts intoBest1Year
Wed Nov 10 21:27:02 CET 2010 INFO During the cycle, Thread Database Session Sweeperhas deleted 7 sessions into Database Sessions
Sun Nov 14 10:59:17 CET 2010 INFO During the cycle, Thread Last10KSweeperhas deleted 0 posts into Database last posts
Sun Nov 14 10:59:18 CET 2010 INFO During the cycle, Thread Sweeper24H has moved 0 posts intoBest1Week
Sun Nov 14 10:59:18 CET 2010 INFO During the cycle, Thread Database Session Sweeperhas deleted 13 sessions into Database Sessions
Sun Nov 14 10:59:18 CET 2010 INFO During the cycle, Thread Sweeper1Week has moved 2 posts intoBest1Month
Sun Nov 14 10:59:18 CET 2010 INFO During the cycle, Thread Sweeper1Month has moved 7 posts intoBest1Year
Tue Nov 16 00:53:43 CET 2010 INFO During the cycle, Thread Last10KSweeperhas deleted 0 posts into Database last posts
Tue Nov 16 00:53:43 CET 2010 INFO During the cycle, Thread Sweeper24H has moved 14 posts intoBest1Week
Tue Nov 16 00:53:43 CET 2010 INFO During the cycle, Thread Sweeper1Week has moved 8 posts intoBest1Month
Tue Nov 16 00:53:43 CET 2010 INFO During the cycle, Thread Database Session Sweeperhas deleted 15 sessions into Database Sessions
Tue Nov 16 00:53:44 CET 2010 INFO During the cycle, Thread Sweeper1Month has moved 77 posts intoBest1Year
Wed Nov 17 10:30:56 CET 2010 INFO During the cycle, Thread Last10KSweeperhas deleted 0 posts into Database last posts
Wed Nov 17 10:30:57 CET 2010 INFO During the cycle, Thread Database Session Sweeperhas deleted 16 sessions into Database Sessions
Wed Nov 17 10:30:57 CET 2010 INFO During the cycle, Thread Sweeper1Week has moved 5 posts intoBest1Month
Wed Nov 17 10:30:57 CET 2010 INFO During the cycle, Thread Sweeper1Month has moved 6 posts intoBest1Year
Wed Nov 17 10:30:57 CET 2010 INFO During the cycle, Thread Sweeper24H has moved 33 posts intoBest1Week
Thu Nov 18 21:08:49 CET 2010 INFO During the cycle, Thread Last10KSweeperhas deleted 0 posts into Database last posts
Thu Nov 18 21:08:50 CET 2010 INFO During the cycle, Thread Sweeper24H has moved 0 posts intoBest1Week
Thu Nov 18 21:08:50 CET 2010 INFO During the cycle, Thread Database Session Sweeperhas deleted 16 sessions into Database Sessions
Thu Nov 18 21:08:50 CET 2010 INFO During the cycle, Thread Sweeper1Month has moved 0 posts intoBest1Year
Thu Nov 18 21:08:50 CET 2010 INFO During the cycle, Thread Sweeper1Week has moved 0 posts intoBest1Month
Thu Nov 18 21:09:06 CET 2010 INFO During the cycle, Thread Last10KSweeperhas deleted 0 posts into Database last posts
Thu Nov 18 21:09:06 CET 2010 INFO During the cycle, Thread Database Session Sweeperhas deleted 16 sessions into Database Sessions
Thu Nov 18 21:09:06 CET 2010 INFO During the cycle, Thread Sweeper24H has moved 0 posts intoBest1Week
Thu Nov 18 21:09:07 CET 2010 INFO During the cycle, Thread Sweeper1Week has moved 0 posts intoBest1Month
Thu Nov 18 21:09:07 CET 2010 INFO During the cycle, Thread Sweeper1Month has moved 0 posts intoBest1Year
